proguard/seeds.txt
net.xinzeling2.R
net.xinzeling2.R: R()
net.xinzeling2.R$anim
net.xinzeling2.R$anim: int alpha
net.xinzeling2.R$anim: int anim_up
net.xinzeling2.R$anim: int fade_in
net.xinzeling2.R$anim: int fade_out
net.xinzeling2.R$anim: int popup
net.xinzeling2.R$anim: int rotate
net.xinzeling2.R$anim: int rotate_up
net.xinzeling2.R$anim: int scale_object_animator
net.xinzeling2.R$anim: int scale_xdown
net.xinzeling2.R$anim: int scale_xup
net.xinzeling2.R$anim: int scale_ydown
net.xinzeling2.R$anim: int scale_yup
net.xinzeling2.R$anim: int shrink_down
net.xinzeling2.R$anim: int umeng_socialize_fade_in
net.xinzeling2.R$anim: int umeng_socialize_fade_out
net.xinzeling2.R$anim: int umeng_socialize_shareboard_animation_in
net.xinzeling2.R$anim: int umeng_socialize_shareboard_animation_out
net.xinzeling2.R$anim: int umeng_socialize_slide_in_from_bottom
net.xinzeling2.R$anim: int umeng_socialize_slide_out_from_bottom
net.xinzeling2.R$anim: R$anim()
net.xinzeling2.R$array
net.xinzeling2.R$array: int gua
net.xinzeling2.R$array: R$array()
net.xinzeling2.R$attr
net.xinzeling2.R$attr: int bg_height
net.xinzeling2.R$attr: int bg_width
net.xinzeling2.R$attr: int borderColor
net.xinzeling2.R$attr: int borderWidth
net.xinzeling2.R$attr: int border_color
net.xinzeling2.R$attr: int border_width
net.xinzeling2.R$attr: int circle_color
net.xinzeling2.R$attr: int circle_radius
net.xinzeling2.R$attr: int cnt_font_color
net.xinzeling2.R$attr: int cnt_font_size
net.xinzeling2.R$attr: int defaultColor
net.xinzeling2.R$attr: int fit
net.xinzeling2.R$attr: int focusColor
net.xinzeling2.R$attr: int grid_color
net.xinzeling2.R$attr: int iconPosition
net.xinzeling2.R$attr: int iconResource
net.xinzeling2.R$attr: int image
net.xinzeling2.R$attr: int imageHeight
net.xinzeling2.R$attr: int imageWidth
net.xinzeling2.R$attr: int is_week
net.xinzeling2.R$attr: int layout_bottom
net.xinzeling2.R$attr: int layout_centerX
net.xinzeling2.R$attr: int layout_centerY
net.xinzeling2.R$attr: int layout_height
net.xinzeling2.R$attr: int layout_left
net.xinzeling2.R$attr: int layout_maxHeight
net.xinzeling2.R$attr: int layout_maxWidth
net.xinzeling2.R$attr: int layout_right
net.xinzeling2.R$attr: int layout_top
net.xinzeling2.R$attr: int layout_width
net.xinzeling2.R$attr: int not_text_color
net.xinzeling2.R$attr: int pass_select_color
net.xinzeling2.R$attr: int radius
net.xinzeling2.R$attr: int select_color
net.xinzeling2.R$attr: int select_text_color
net.xinzeling2.R$attr: int text
net.xinzeling2.R$attr: int textColor
net.xinzeling2.R$color
net.xinzeling2.R$color: int alpha
net.xinzeling2.R$color: int bg_green
net.xinzeling2.R$color: int black
net.xinzeling2.R$color: int calendar_bg
net.xinzeling2.R$color: int calendar_grid
net.xinzeling2.R$color: int calendar_grid_seled
net.xinzeling2.R$color: int calendar_grid_today
net.xinzeling2.R$color: int calendar_txt
net.xinzeling2.R$color: int common_focus_green
net.xinzeling2.R$color: int common_green
net.xinzeling2.R$color: int common_light_green
net.xinzeling2.R$color: int common_white
net.xinzeling2.R$color: int dark_grey
net.xinzeling2.R$color: int divider_color
net.xinzeling2.R$color: int global_background
net.xinzeling2.R$color: int grey
net.xinzeling2.R$color: int gua_back_line
net.xinzeling2.R$color: int half_transparent
net.xinzeling2.R$color: int icon_box_color
net.xinzeling2.R$color: int jie_gua
net.xinzeling2.R$color: int red_dot_color
net.xinzeling2.R$color: int setting_menu_bg
net.xinzeling2.R$color: int tab_text_selector
net.xinzeling2.R$color: int translucent
net.xinzeling2.R$color: int translucent_background
net.xinzeling2.R$color: int translucent_background_light
net.xinzeling2.R$color: int transparent
net.xinzeling2.R$color: int umeng_socialize_color_group
net.xinzeling2.R$color: int umeng_socialize_comments_bg
net.xinzeling2.R$color: int umeng_socialize_divider
net.xinzeling2.R$color: int umeng_socialize_edit_bg
net.xinzeling2.R$color: int umeng_socialize_grid_divider_line
...
com.umeng.socialize.media.TwitterShareContent
com.umeng.socialize.media.TwitterShareContent: android.os.Parcelable$Creator CREATOR
com.umeng.socialize.media.UMImage
com.umeng.socialize.media.UMImage: android.os.Parcelable$Creator CREATOR
com.umeng.socialize.media.UMVideo
com.umeng.socialize.media.UMVideo: android.os.Parcelable$Creator CREATOR
com.umeng.socialize.media.UMWebPage
com.umeng.socialize.media.UMediaObject
com.umeng.socialize.media.UMediaObject$FetchMediaDataListener
com.umeng.socialize.media.UMediaObject$MediaType: com.umeng.socialize.media.UMediaObject$MediaType[] values()
com.umeng.socialize.media.UMediaObject$MediaType: com.umeng.socialize.media.UMediaObject$MediaType valueOf(java.lang.String)
com.umeng.socialize.media.UMusic
com.umeng.socialize.media.UMusic: android.os.Parcelable$Creator CREATOR
com.umeng.socialize.net.base.SocializeRequest$FILE_TYPE: com.umeng.socialize.net.base.SocializeRequest$FILE_TYPE[] values()
com.umeng.socialize.net.base.SocializeRequest$FILE_TYPE: com.umeng.socialize.net.base.SocializeRequest$FILE_TYPE valueOf(java.lang.String)
com.umeng.socialize.net.base.SocializeRequest$RequestMethod: com.umeng.socialize.net.base.SocializeRequest$RequestMethod[] values()
com.umeng.socialize.net.base.SocializeRequest$RequestMethod: com.umeng.socialize.net.base.SocializeRequest$RequestMethod valueOf(java.lang.String)
com.umeng.socialize.net.utils.UResponse$STATUS: com.umeng.socialize.net.utils.UResponse$STATUS[] values()
com.umeng.socialize.net.utils.UResponse$STATUS: com.umeng.socialize.net.utils.UResponse$STATUS valueOf(java.lang.String)
com.umeng.socialize.sso.UMTencentSsoHandler$1: void onClick(android.content.Context,com.umeng.socialize.bean.SocializeEntity,com.umeng.socialize.controller.listener.SocializeListeners$SnsPostListener)
com.umeng.socialize.sso.UMTencentSsoHandler$ObtainAppIdListener
com.umeng.socialize.sso.UMTencentSsoHandler$ObtainImageUrlListener
com.umeng.socialize.sso.a: void onClick(android.content.Context,com.umeng.socialize.bean.SocializeEntity,com.umeng.socialize.controller.listener.SocializeListeners$SnsPostListener)
com.umeng.socialize.utils.ResUtil$BindDrawableListener
com.umeng.socialize.utils.ResUtil$BindMode: com.umeng.socialize.utils.ResUtil$BindMode[] values()
com.umeng.socialize.utils.ResUtil$BindMode: com.umeng.socialize.utils.ResUtil$BindMode valueOf(java.lang.String)
com.umeng.socialize.view.ShareActivity
com.umeng.socialize.view.ShareActivity: ShareActivity()
com.umeng.socialize.view.aa: void onClick(android.view.View)
com.umeng.socialize.view.ab: void onClick(android.view.View)
com.umeng.socialize.view.abs.SocialPopupDialog$SwitchListener
com.umeng.socialize.view.abs.b
com.umeng.socialize.view.abs.b: b(android.content.Context,android.util.AttributeSet,int)
com.umeng.socialize.view.abs.b: b(android.content.Context,android.util.AttributeSet)
com.umeng.socialize.view.ac: void onClick(android.view.View)
com.umeng.socialize.view.ad: void onClick(android.view.View)
com.umeng.socialize.view.ag: void onClick(android.view.View)
com.umeng.socialize.view.ak: void onClick(android.view.View)
com.umeng.socialize.view.b: void onClick(android.view.View)
com.umeng.socialize.view.c: void onClick(android.view.View)
com.umeng.socialize.view.e: void onClick(android.view.View)
com.umeng.socialize.view.l: void onClick(android.view.View)
com.umeng.socialize.view.u: void onClick(android.content.DialogInterface,int)
com.umeng.socialize.view.v: void onClick(android.content.DialogInterface,int)
com.umeng.socialize.view.w: void onClick(android.content.DialogInterface,int)