proguard/mapping.txt
net.xinzeling2.BuildConfig -> net.xinzeling2.a:
    boolean DEBUG -> a
net.xinzeling2.Manifest -> net.xinzeling2.b:
net.xinzeling2.Manifest$permission -> net.xinzeling2.b$a:
    java.lang.String JPUSH_MESSAGE -> a
net.xinzeling2.R -> net.xinzeling2.R:
net.xinzeling2.R$anim -> net.xinzeling2.R$anim:
    int alpha -> alpha
    int anim_up -> anim_up
    int fade_in -> fade_in
    int fade_out -> fade_out
    int popup -> popup
    int rotate -> rotate
    int rotate_up -> rotate_up
    int scale_object_animator -> scale_object_animator
    int scale_xdown -> scale_xdown
    int scale_xup -> scale_xup
    int scale_ydown -> scale_ydown
    int scale_yup -> scale_yup
    int shrink_down -> shrink_down
    int umeng_socialize_fade_in -> umeng_socialize_fade_in
    int umeng_socialize_fade_out -> umeng_socialize_fade_out
    int umeng_socialize_shareboard_animation_in -> umeng_socialize_shareboard_animation_in
    int umeng_socialize_shareboard_animation_out -> umeng_socialize_shareboard_animation_out
    int umeng_socialize_slide_in_from_bottom -> umeng_socialize_slide_in_from_bottom
    int umeng_socialize_slide_out_from_bottom -> umeng_socialize_slide_out_from_bottom
net.xinzeling2.R$array -> net.xinzeling2.R$array:
    int gua -> gua
net.xinzeling2.R$attr -> net.xinzeling2.R$attr:
    int bg_height -> bg_height
    int bg_width -> bg_width
    int borderColor -> borderColor
    int borderWidth -> borderWidth
    int border_color -> border_color
    int border_width -> border_width
    int circle_color -> circle_color
    int circle_radius -> circle_radius
    int cnt_font_color -> cnt_font_color
    int cnt_font_size -> cnt_font_size
    int defaultColor -> defaultColor
    int fit -> fit
    int focusColor -> focusColor
    int grid_color -> grid_color
    int iconPosition -> iconPosition
    int iconResource -> iconResource
    int image -> image
    int imageHeight -> imageHeight
    int imageWidth -> imageWidth
    int is_week -> is_week
    int layout_bottom -> layout_bottom
    int layout_centerX -> layout_centerX
    int layout_centerY -> layout_centerY
    int layout_height -> layout_height
    int layout_left -> layout_left
    int layout_maxHeight -> layout_maxHeight
    int layout_maxWidth -> layout_maxWidth
    int layout_right -> layout_right
    int layout_top -> layout_top
    int layout_width -> layout_width
    int not_text_color -> not_text_color
    int pass_select_color -> pass_select_color
    int radius -> radius
    int select_color -> select_color
    int select_text_color -> select_text_color
    int text -> text
    int textColor -> textColor
    int textSize -> textSize
    int text_color -> text_color
    int type -> type
...
com.tencent.mm.sdk.MMAppMgr -> com.tencent.mm.sdk.MMAppMgr:
    void activate(boolean) -> activate
    android.content.SharedPreferences getSharedPreferences(android.content.Context,int) -> getSharedPreferences
    com.tencent.mm.sdk.plugin.IMMPluginAPI getPluginMgr(android.content.Context) -> getPluginMgr
com.tencent.mm.sdk.MMSharedPreferences -> com.tencent.mm.sdk.MMSharedPreferences:
    android.content.ContentResolver i -> i
    java.lang.String[] columns -> columns
    java.util.HashMap j -> j
    com.tencent.mm.sdk.MMSharedPreferences$REditor k -> k
    java.lang.Object getValue(java.lang.String) -> getValue
    java.util.Map getAll() -> getAll
    java.lang.String getString(java.lang.String,java.lang.String) -> getString
    int getInt(java.lang.String,int) -> getInt
    long getLong(java.lang.String,long) -> getLong
    float getFloat(java.lang.String,float) -> getFloat
    boolean getBoolean(java.lang.String,boolean) -> getBoolean
    boolean contains(java.lang.String) -> contains
    android.content.SharedPreferences$Editor edit() -> edit
    void registerOnSharedPreferenceChangeListener(android.content.SharedPreferences$OnSharedPreferenceChangeListener) -> registerOnSharedPreferenceChangeListener
    void unregisterOnSharedPreferenceChangeListener(android.content.SharedPreferences$OnSharedPreferenceChangeListener) -> unregisterOnSharedPreferenceChangeListener
    java.util.Set getStringSet(java.lang.String,java.util.Set) -> getStringSet
com.tencent.mm.sdk.MMSharedPreferences$REditor -> com.tencent.mm.sdk.MMSharedPreferences$a:
    java.util.Map l -> a
    java.util.Set m -> b
    boolean n -> c
    android.content.ContentResolver i -> d
    android.content.SharedPreferences$Editor putString(java.lang.String,java.lang.String) -> putString
    android.content.SharedPreferences$Editor putInt(java.lang.String,int) -> putInt
    android.content.SharedPreferences$Editor putLong(java.lang.String,long) -> putLong
    android.content.SharedPreferences$Editor putFloat(java.lang.String,float) -> putFloat
    android.content.SharedPreferences$Editor putBoolean(java.lang.String,boolean) -> putBoolean
    android.content.SharedPreferences$Editor remove(java.lang.String) -> remove
    android.content.SharedPreferences$Editor clear() -> clear
    boolean commit() -> commit
    void apply() -> apply
    android.content.SharedPreferences$Editor putStringSet(java.lang.String,java.util.Set) -> putStringSet
com.tencent.mm.sdk.channel.ConstantsMMessage -> com.tencent.mm.sdk.channel.ConstantsMMessage:
    java.lang.String APP_PACKAGE -> APP_PACKAGE
    java.lang.String SDK_VERSION -> SDK_VERSION
    java.lang.String CONTENT -> CONTENT
    java.lang.String CHECK_SUM -> CHECK_SUM
    java.lang.String ACTION_MESSAGE -> ACTION_MESSAGE
com.tencent.mm.sdk.channel.MMessage -> com.tencent.mm.sdk.channel.MMessage:
    boolean send(android.content.Context,java.lang.String,java.lang.String,java.lang.String,android.os.Bundle) -> send
    void send(android.content.Context,java.lang.String,java.lang.String) -> send
    void send(android.content.Context,java.lang.String,java.lang.String,java.lang.String) -> send
com.tencent.mm.sdk.channel.MMessage$CallBack -> com.tencent.mm.sdk.channel.MMessage$CallBack:
    void handleMessage(android.content.Intent) -> handleMessage
com.tencent.mm.sdk.channel.MMessage$Receiver -> com.tencent.mm.sdk.channel.MMessage$Receiver:
    java.util.Map callbacks -> callbacks
    com.tencent.mm.sdk.channel.MMessage$CallBack o -> o
    void onReceive(android.content.Context,android.content.Intent) -> onReceive
    void registerCallBack(java.lang.String,com.tencent.mm.sdk.channel.MMessage$CallBack) -> registerCallBack
    void unregisterCallBack(java.lang.String) -> unregisterCallBack